[donaldtrumpcoin.net/index.html]
[backblue.gif]
[fade.gif]
[index.html]
[donaldtrumpcoin.net/c2074e42c5b7c634c2add8851429ba99.png]
[donaldtrumpcoin.net/c85c1ecad2a1b8323c53af3792c61173.png]
[donaldtrumpcoin.net/9b5c9144f8ed915e66eea482c14e7bb5.png]
[donaldtrumpcoin.net/8836372845c3a340c67466515bb90cb0.png]
[donaldtrumpcoin.net/fonts/f4a4890561b3fddfd1fd9a1b27b6d4a4.woff2]
[donaldtrumpcoin.net/fonts/33696a29f45c1b554a4c12443b998d21.woff2]
[donaldtrumpcoin.net/fonts/8dbae49e1280328b442be6dfff163124.woff2]
[donaldtrumpcoin.net/fonts/625cf32ea46ae48b58ebd3ff993de469.woff2]
[donaldtrumpcoin.net/fonts/c69c23593c9bd5705c7780a200f2a6db.woff2]
[donaldtrumpcoin.net/fonts/e5e43f51d6d7939d8911c861efa5f9b7.woff2]
[donaldtrumpcoin.net/fonts/5d1113eba22194a2d6a845535ffe86d6.woff]
[donaldtrumpcoin.net/fonts/f8f199f09526f79e87644ed227e0f651.woff2]
[donaldtrumpcoin.net/fonts/98c4d2c0223fc8474641c77f923528e9.woff2]
[donaldtrumpcoin.net/fonts/d257a7100844bc3f98c9021168b6249e.woff2]
[donaldtrumpcoin.net/fonts/1060345c54d396e76d73f1da7ee200bd.woff2]
[donaldtrumpcoin.net/'data_image/png;base64,']
[donaldtrumpcoin.net/images/6f3d079b53e3b358ce35a4ea2311fa0c.png]
[donaldtrumpcoin.net/images/041847f728d4a668d0bc01602ab8f63a.svg]
[donaldtrumpcoin.net/images/1a5c506e65630d6716e4170548575dc7.svg]
[donaldtrumpcoin.net/videos/23f59f89f331ca091055753ab033eb99.gif]
[donaldtrumpcoin.net/images/87c192804720704d759a54ee4e1f1921.svg]
[donaldtrumpcoin.net/images/8532b3b01fecd60157301ec8dbb2fc67.svg]
[donaldtrumpcoin.net/images/4eaaf59d16a97647d81581ecb5795752.svg]
[donaldtrumpcoin.net/images/5390504a69098196f1b4d95b548503c2.svg]
[donaldtrumpcoin.net/images/83f0d9edef8159ea97679c567cecc95a.svg]
[donaldtrumpcoin.net/index.html]
[donaldtrumpcoin.net/'data_image/png;base64,'.html]
[donaldtrumpcoin.net/images/041847f728d4a668d0bc01602ab8f63a.svg]
[donaldtrumpcoin.net/images/1a5c506e65630d6716e4170548575dc7.svg]
[donaldtrumpcoin.net/images/87c192804720704d759a54ee4e1f1921.svg]
[donaldtrumpcoin.net/images/8532b3b01fecd60157301ec8dbb2fc67.svg]
[donaldtrumpcoin.net/images/4eaaf59d16a97647d81581ecb5795752.svg]
[donaldtrumpcoin.net/images/5390504a69098196f1b4d95b548503c2.svg]
[donaldtrumpcoin.net/images/83f0d9edef8159ea97679c567cecc95a.svg]
[donaldtrumpcoin.net/js/939898b427480d700449229ff00dbb8a6f9f77442b532f697866e6914ab8843a.js]
